[2021-06-16 14:03:59.180] [exthost] [info] extension host started
[2021-06-16 14:03:59.850] [exthost] [info] ExtensionService#_doActivateExtension vscode.debug-auto-launch {"startup":true,"extensionId":{"value":"vscode.debug-auto-launch","_lower":"vscode.debug-auto-launch"},"activationEvent":"*"}
[2021-06-16 14:03:59.850] [exthost] [info] ExtensionService#loadCommonJSModule file:///home/azureuser/.vscode-server/bin/b4c1bd0a9b03c749ea011b06c6d2676c8091a70c/extensions/debug-auto-launch/dist/extension
[2021-06-16 14:03:59.857] [exthost] [info] ExtensionService#_doActivateExtension vscode.git {"startup":true,"extensionId":{"value":"vscode.github","_lower":"vscode.github"},"activationEvent":"*"}
[2021-06-16 14:03:59.857] [exthost] [info] ExtensionService#loadCommonJSModule file:///home/azureuser/.vscode-server/bin/b4c1bd0a9b03c749ea011b06c6d2676c8091a70c/extensions/git/dist/main
[2021-06-16 14:04:01.199] [exthost] [info] ExtensionService#_doActivateExtension vscode.github {"startup":true,"extensionId":{"value":"vscode.github","_lower":"vscode.github"},"activationEvent":"*"}
[2021-06-16 14:04:01.200] [exthost] [info] ExtensionService#loadCommonJSModule file:///home/azureuser/.vscode-server/bin/b4c1bd0a9b03c749ea011b06c6d2676c8091a70c/extensions/github/dist/extension.js
[2021-06-16 14:04:01.516] [exthost] [warning] [Decorations] CAPPING events from decorations provider vscode.git 3169
[2021-06-16 14:04:02.831] [exthost] [info] ExtensionService#_doActivateExtension vscode.emmet {"startup":false,"extensionId":{"value":"vscode.emmet","_lower":"vscode.emmet"},"activationEvent":"onStartupFinished"}
[2021-06-16 14:04:02.832] [exthost] [info] ExtensionService#loadCommonJSModule file:///home/azureuser/.vscode-server/bin/b4c1bd0a9b03c749ea011b06c6d2676c8091a70c/extensions/emmet/dist/node/emmetNodeMain
[2021-06-16 14:04:02.850] [exthost] [info] ExtensionService#_doActivateExtension vscode.merge-conflict {"startup":false,"extensionId":{"value":"vscode.merge-conflict","_lower":"vscode.merge-conflict"},"activationEvent":"onStartupFinished"}
[2021-06-16 14:04:02.851] [exthost] [info] ExtensionService#loadCommonJSModule file:///home/azureuser/.vscode-server/bin/b4c1bd0a9b03c749ea011b06c6d2676c8091a70c/extensions/merge-conflict/dist/mergeConflictMain
[2021-06-16 14:04:02.856] [exthost] [info] ExtensionService#_doActivateExtension vscode.testing-editor-contributions {"startup":false,"extensionId":{"value":"vscode.testing-editor-contributions","_lower":"vscode.testing-editor-contributions"},"activationEvent":"onStartupFinished"}
[2021-06-16 14:04:02.856] [exthost] [info] ExtensionService#loadCommonJSModule file:///home/azureuser/.vscode-server/bin/b4c1bd0a9b03c749ea011b06c6d2676c8091a70c/extensions/testing-editor-contributions/dist/extension.js
[2021-06-16 14:04:02.858] [exthost] [info] eager extensions activated
[2021-06-16 14:04:03.300] [exthost] [info] ExtensionService#_doActivateExtension ms-vscode.js-debug {"startup":false,"extensionId":{"value":"ms-vscode.js-debug","_lower":"ms-vscode.js-debug"},"activationEvent":"onCommand:extension.js-debug.clearAutoAttachVariables"}
[2021-06-16 14:04:03.300] [exthost] [info] ExtensionService#loadCommonJSModule file:///home/azureuser/.vscode-server/bin/b4c1bd0a9b03c749ea011b06c6d2676c8091a70c/extensions/ms-vscode.js-debug/src/extension.js
[2021-06-16 14:04:05.135] [exthost] [warning] [Decorations] CAPPING events from decorations provider vscode.git 3169
[2021-06-16 14:04:10.370] [exthost] [warning] [Decorations] CAPPING events from decorations provider vscode.git 3169
[2021-06-16 14:04:15.636] [exthost] [warning] [Decorations] CAPPING events from decorations provider vscode.git 3169
[2021-06-16 14:04:22.489] [exthost] [warning] [Decorations] CAPPING events from decorations provider vscode.git 3169
[2021-06-16 20:01:25.535] [exthost] [info] extension host terminating: renderer disconnected for too long (1)
[2021-06-16 20:01:26.555] [exthost] [info] exiting with code 0
