[2021-06-16 12:22:32.522] [exthost] [info] extension host started
[2021-06-16 12:22:32.925] [exthost] [info] ExtensionService#_doActivateExtension vscode.debug-auto-launch {"startup":true,"extensionId":{"value":"vscode.debug-auto-launch","_lower":"vscode.debug-auto-launch"},"activationEvent":"*"}
[2021-06-16 12:22:32.925] [exthost] [info] ExtensionService#loadCommonJSModule file:///home/azureuser/.vscode-server/bin/b4c1bd0a9b03c749ea011b06c6d2676c8091a70c/extensions/debug-auto-launch/dist/extension
[2021-06-16 12:22:32.931] [exthost] [info] ExtensionService#_doActivateExtension vscode.git {"startup":true,"extensionId":{"value":"vscode.github","_lower":"vscode.github"},"activationEvent":"*"}
[2021-06-16 12:22:32.931] [exthost] [info] ExtensionService#loadCommonJSModule file:///home/azureuser/.vscode-server/bin/b4c1bd0a9b03c749ea011b06c6d2676c8091a70c/extensions/git/dist/main
[2021-06-16 12:22:37.071] [exthost] [info] ExtensionService#_doActivateExtension vscode.github {"startup":true,"extensionId":{"value":"vscode.github","_lower":"vscode.github"},"activationEvent":"*"}
[2021-06-16 12:22:37.071] [exthost] [info] ExtensionService#loadCommonJSModule file:///home/azureuser/.vscode-server/bin/b4c1bd0a9b03c749ea011b06c6d2676c8091a70c/extensions/github/dist/extension.js
[2021-06-16 12:22:37.328] [exthost] [warning] [Decorations] CAPPING events from decorations provider vscode.git 3171
[2021-06-16 12:22:38.661] [exthost] [info] ExtensionService#_doActivateExtension vscode.emmet {"startup":false,"extensionId":{"value":"vscode.emmet","_lower":"vscode.emmet"},"activationEvent":"onStartupFinished"}
[2021-06-16 12:22:38.661] [exthost] [info] ExtensionService#loadCommonJSModule file:///home/azureuser/.vscode-server/bin/b4c1bd0a9b03c749ea011b06c6d2676c8091a70c/extensions/emmet/dist/node/emmetNodeMain
[2021-06-16 12:22:38.678] [exthost] [info] ExtensionService#_doActivateExtension vscode.merge-conflict {"startup":false,"extensionId":{"value":"vscode.merge-conflict","_lower":"vscode.merge-conflict"},"activationEvent":"onStartupFinished"}
[2021-06-16 12:22:38.678] [exthost] [info] ExtensionService#loadCommonJSModule file:///home/azureuser/.vscode-server/bin/b4c1bd0a9b03c749ea011b06c6d2676c8091a70c/extensions/merge-conflict/dist/mergeConflictMain
[2021-06-16 12:22:38.682] [exthost] [info] ExtensionService#_doActivateExtension vscode.testing-editor-contributions {"startup":false,"extensionId":{"value":"vscode.testing-editor-contributions","_lower":"vscode.testing-editor-contributions"},"activationEvent":"onStartupFinished"}
[2021-06-16 12:22:38.682] [exthost] [info] ExtensionService#loadCommonJSModule file:///home/azureuser/.vscode-server/bin/b4c1bd0a9b03c749ea011b06c6d2676c8091a70c/extensions/testing-editor-contributions/dist/extension.js
[2021-06-16 12:22:38.683] [exthost] [info] eager extensions activated
[2021-06-16 12:22:39.070] [exthost] [info] ExtensionService#_doActivateExtension ms-vscode.js-debug {"startup":false,"extensionId":{"value":"ms-vscode.js-debug","_lower":"ms-vscode.js-debug"},"activationEvent":"onCommand:extension.js-debug.clearAutoAttachVariables"}
[2021-06-16 12:22:39.070] [exthost] [info] ExtensionService#loadCommonJSModule file:///home/azureuser/.vscode-server/bin/b4c1bd0a9b03c749ea011b06c6d2676c8091a70c/extensions/ms-vscode.js-debug/src/extension.js
[2021-06-16 12:27:31.666] [exthost] [warning] [Decorations] CAPPING events from decorations provider vscode.git 3177
[2021-06-16 12:29:48.444] [exthost] [warning] [Decorations] CAPPING events from decorations provider vscode.git 3177
[2021-06-16 12:30:57.632] [exthost] [warning] [Decorations] CAPPING events from decorations provider vscode.git 3176
[2021-06-16 12:32:31.648] [exthost] [warning] [Decorations] CAPPING events from decorations provider vscode.git 3176
[2021-06-16 12:33:43.327] [exthost] [warning] [Decorations] CAPPING events from decorations provider vscode.git 3176
[2021-06-16 12:38:44.597] [exthost] [warning] [Decorations] CAPPING events from decorations provider vscode.git 3198
[2021-06-16 12:41:27.927] [exthost] [warning] [Decorations] CAPPING events from decorations provider vscode.git 3185
[2021-06-16 12:43:23.450] [exthost] [warning] [Decorations] CAPPING events from decorations provider vscode.git 3178
[2021-06-16 14:08:56.180] [exthost] [info] extension host terminating: renderer disconnected for too long (2)
[2021-06-16 14:08:57.209] [exthost] [info] exiting with code 0
