[2021-06-17 03:34:55.341] [exthost] [info] extension host started
[2021-06-17 03:34:56.363] [exthost] [info] ExtensionService#_doActivateExtension vscode.debug-auto-launch {"startup":true,"extensionId":{"value":"vscode.debug-auto-launch","_lower":"vscode.debug-auto-launch"},"activationEvent":"*"}
[2021-06-17 03:34:56.363] [exthost] [info] ExtensionService#loadCommonJSModule file:///home/azureuser/.vscode-server/bin/b4c1bd0a9b03c749ea011b06c6d2676c8091a70c/extensions/debug-auto-launch/dist/extension
[2021-06-17 03:34:56.370] [exthost] [info] ExtensionService#_doActivateExtension vscode.git {"startup":true,"extensionId":{"value":"vscode.github","_lower":"vscode.github"},"activationEvent":"*"}
[2021-06-17 03:34:56.371] [exthost] [info] ExtensionService#loadCommonJSModule file:///home/azureuser/.vscode-server/bin/b4c1bd0a9b03c749ea011b06c6d2676c8091a70c/extensions/git/dist/main
[2021-06-17 03:34:58.064] [exthost] [info] ExtensionService#_doActivateExtension vscode.github {"startup":true,"extensionId":{"value":"vscode.github","_lower":"vscode.github"},"activationEvent":"*"}
[2021-06-17 03:34:58.065] [exthost] [info] ExtensionService#loadCommonJSModule file:///home/azureuser/.vscode-server/bin/b4c1bd0a9b03c749ea011b06c6d2676c8091a70c/extensions/github/dist/extension.js
[2021-06-17 03:34:58.388] [exthost] [warning] [Decorations] CAPPING events from decorations provider vscode.git 3204
[2021-06-17 03:34:59.687] [exthost] [info] ExtensionService#_doActivateExtension vscode.emmet {"startup":false,"extensionId":{"value":"vscode.emmet","_lower":"vscode.emmet"},"activationEvent":"onStartupFinished"}
[2021-06-17 03:34:59.688] [exthost] [info] ExtensionService#loadCommonJSModule file:///home/azureuser/.vscode-server/bin/b4c1bd0a9b03c749ea011b06c6d2676c8091a70c/extensions/emmet/dist/node/emmetNodeMain
[2021-06-17 03:34:59.704] [exthost] [info] ExtensionService#_doActivateExtension vscode.merge-conflict {"startup":false,"extensionId":{"value":"vscode.merge-conflict","_lower":"vscode.merge-conflict"},"activationEvent":"onStartupFinished"}
[2021-06-17 03:34:59.705] [exthost] [info] ExtensionService#loadCommonJSModule file:///home/azureuser/.vscode-server/bin/b4c1bd0a9b03c749ea011b06c6d2676c8091a70c/extensions/merge-conflict/dist/mergeConflictMain
[2021-06-17 03:34:59.709] [exthost] [info] ExtensionService#_doActivateExtension vscode.testing-editor-contributions {"startup":false,"extensionId":{"value":"vscode.testing-editor-contributions","_lower":"vscode.testing-editor-contributions"},"activationEvent":"onStartupFinished"}
[2021-06-17 03:34:59.709] [exthost] [info] ExtensionService#loadCommonJSModule file:///home/azureuser/.vscode-server/bin/b4c1bd0a9b03c749ea011b06c6d2676c8091a70c/extensions/testing-editor-contributions/dist/extension.js
[2021-06-17 03:34:59.710] [exthost] [info] eager extensions activated
[2021-06-17 03:35:00.442] [exthost] [info] ExtensionService#_doActivateExtension ms-vscode.js-debug {"startup":false,"extensionId":{"value":"ms-vscode.js-debug","_lower":"ms-vscode.js-debug"},"activationEvent":"onCommand:extension.js-debug.clearAutoAttachVariables"}
[2021-06-17 03:35:00.442] [exthost] [info] ExtensionService#loadCommonJSModule file:///home/azureuser/.vscode-server/bin/b4c1bd0a9b03c749ea011b06c6d2676c8091a70c/extensions/ms-vscode.js-debug/src/extension.js
[2021-06-17 03:45:32.254] [exthost] [warning] [Decorations] CAPPING events from decorations provider vscode.git 3266
[2021-06-17 03:49:08.166] [exthost] [warning] [Decorations] CAPPING events from decorations provider vscode.git 3348
[2021-06-17 03:49:48.153] [exthost] [warning] [Decorations] CAPPING events from decorations provider vscode.git 3357
[2021-06-17 03:51:17.937] [exthost] [warning] [Decorations] CAPPING events from decorations provider vscode.git 3358
[2021-06-17 03:52:10.765] [exthost] [warning] [Decorations] CAPPING events from decorations provider vscode.git 3350
[2021-06-17 03:52:42.724] [exthost] [warning] [Decorations] CAPPING events from decorations provider vscode.git 3349
[2021-06-17 03:54:01.762] [exthost] [warning] [Decorations] CAPPING events from decorations provider vscode.git 3349
[2021-06-17 03:54:21.246] [exthost] [warning] [Decorations] CAPPING events from decorations provider vscode.git 3349
[2021-06-17 03:56:19.507] [exthost] [warning] [Decorations] CAPPING events from decorations provider vscode.git 3349
[2021-06-17 03:56:28.003] [exthost] [warning] [Decorations] CAPPING events from decorations provider vscode.git 3349
[2021-06-17 03:57:43.755] [exthost] [warning] [Decorations] CAPPING events from decorations provider vscode.git 3349
[2021-06-17 03:58:40.149] [exthost] [warning] [Decorations] CAPPING events from decorations provider vscode.git 3349
[2021-06-17 04:02:26.743] [exthost] [warning] [Decorations] CAPPING events from decorations provider vscode.git 3349
[2021-06-17 04:03:42.549] [exthost] [warning] [Decorations] CAPPING events from decorations provider vscode.git 3349
[2021-06-17 04:16:22.757] [exthost] [warning] [Decorations] CAPPING events from decorations provider vscode.git 3349
[2021-06-17 04:18:44.295] [exthost] [info] ExtensionService#_doActivateExtension vscode.extension-editing {"startup":false,"extensionId":{"value":"vscode.extension-editing","_lower":"vscode.extension-editing"},"activationEvent":"onLanguage:markdown"}
[2021-06-17 04:18:44.296] [exthost] [info] ExtensionService#loadCommonJSModule file:///home/azureuser/.vscode-server/bin/b4c1bd0a9b03c749ea011b06c6d2676c8091a70c/extensions/extension-editing/dist/extensionEditingMain
[2021-06-17 04:18:44.317] [exthost] [info] ExtensionService#_doActivateExtension vscode.markdown-language-features {"startup":false,"extensionId":{"value":"vscode.markdown-language-features","_lower":"vscode.markdown-language-features"},"activationEvent":"onLanguage:markdown"}
[2021-06-17 04:18:44.317] [exthost] [info] ExtensionService#loadCommonJSModule file:///home/azureuser/.vscode-server/bin/b4c1bd0a9b03c749ea011b06c6d2676c8091a70c/extensions/markdown-language-features/dist/extension
[2021-06-17 06:16:36.118] [exthost] [warning] [Decorations] CAPPING events from decorations provider vscode.git 3358
[2021-06-17 06:16:41.300] [exthost] [warning] [Decorations] CAPPING events from decorations provider vscode.git 3358
[2021-06-17 06:17:54.002] [exthost] [warning] [Decorations] CAPPING events from decorations provider vscode.git 3358
[2021-06-17 06:18:03.348] [exthost] [warning] [Decorations] CAPPING events from decorations provider vscode.git 3358
[2021-06-17 17:34:28.359] [exthost] [info] extension host terminating: received terminate message from renderer
[2021-06-17 17:34:29.383] [exthost] [info] exiting with code 0
